Arguments: 
  C:\Program Files\nodejs\node.exe C:\Users\PC WARE\AppData\Roaming\npm\node_modules\yarn\bin\yarn.js add jsonwebtoken nodemon sucrase express jest cross-env bycyptjs supertest pg dotenv

PATH: 
  C:\Program Files\Git\mingw64\bin;C:\Program Files\Git\usr\bin;C:\Users\PC WARE\bin;C:\Program Files (x86)\NVIDIA Corporation\PhysX\Common;C:\Windows\system32;C:\Windows;C:\Windows\System32\Wbem;C:\Windows\System32\WindowsPowerShell\v1.0;C:\Windows\System32\OpenSSH;C:\Program Files\Git\cmd;C:\Program Files\nodejs;C:\ProgramData\chocolatey\bin;C:\Users\PC WARE\AppData\Local\Programs\Python\Python311\Scripts;C:\Users\PC WARE\AppData\Local\Programs\Python\Python311;C:\Users\PC WARE\AppData\Local\Microsoft\WindowsApps;C:\Users\PC WARE\AppData\Local\Programs\Microsoft VS Code\bin;C:\Users\PC WARE\AppData\Roaming\npm;C:\Program Files\PostgreSQL\14\bin

Yarn version: 
  1.22.19

Node version: 
  16.16.0

Platform: 
  win32 x64

Trace: 
  Error: https://registry.yarnpkg.com/bycyptjs: Not found
      at Request.params.callback [as _callback] (C:\Users\PC WARE\AppData\Roaming\npm\node_modules\yarn\lib\cli.js:66145:18)
      at Request.self.callback (C:\Users\PC WARE\AppData\Roaming\npm\node_modules\yarn\lib\cli.js:140890:22)
      at Request.emit (node:events:527:28)
      at Request.<anonymous> (C:\Users\PC WARE\AppData\Roaming\npm\node_modules\yarn\lib\cli.js:141862:10)
      at Request.emit (node:events:527:28)
      at IncomingMessage.<anonymous> (C:\Users\PC WARE\AppData\Roaming\npm\node_modules\yarn\lib\cli.js:141784:12)
      at Object.onceWrapper (node:events:641:28)
      at IncomingMessage.emit (node:events:539:35)
      at endReadableNT (node:internal/streams/readable:1345:12)
      at processTicksAndRejections (node:internal/process/task_queues:83:21)

npm manifest: 
  {
    "name": "products-and-categoories-back-end",
    "version": "1.0.0",
    "main": "index.js",
    "repository": "git@github.com:DavidKauan04/products-and-categoories-back-end.git",
    "author": "David <davidkauandkad@outlook.com.br>",
    "license": "MIT",
    "scripts": {
      "dev": "nodemon ./src/app.js",
      "test": "cross-env NODE_ENV=test jest"
    }
  }

yarn manifest: 
  No manifest

Lockfile: 
  No lockfile
